<?xml version="1.0" encoding="UTF-8"?>
<!-- Generated by org.testng.reporters.JUnitXMLReporter -->
<testsuite hostname="DESKTOP-UJGO4L7" ignored="0" name="TestOnFirefox" tests="2" failures="2" timestamp="2021-12-20T22:44:40 IST" time="138.182" errors="0">
  <testcase name="ValidatingLoginCredentials" time="0.798" classname="Test.LoginPageTest">
    <failure type="org.openqa.selenium.WebDriverException" message="Unable to find the session info for particular sessionId 077e1ced-7801-4bd2-b105-f8ced6d6051c, maybe session has quit already or timed out.
Build info: version: &amp;apos;4.0.0&amp;apos;, revision: &amp;apos;3a21814679&amp;apos;
System info: host: &amp;apos;DESKTOP-UJGO4L7&amp;apos;, ip: &amp;apos;192.168.99.85&amp;apos;, os.name: &amp;apos;Windows 10&amp;apos;, os.arch: &amp;apos;amd64&amp;apos;, os.version: &amp;apos;10.0&amp;apos;, java.version: &amp;apos;1.8.0_231&amp;apos;
Driver info: org.openqa.selenium.remote.RemoteWebDriver
Command: [077e1ced-7801-4bd2-b105-f8ced6d6051c, clickElement {id=8cbaa2d7-1f80-4a15-81d1-ac510632ef66}]
Capabilities {acceptInsecureCerts: true, browserName: firefox, browserVersion: 95.0, javascriptEnabled: true, moz:accessibilityChecks: false, moz:buildID: 20211101163752, moz:geckodriverVersion: 0.30.0, moz:headless: false, moz:processID: 4636, moz:profile: C:\Users\ltuser\AppData\Loc..., moz:shutdownTimeout: 60000, moz:useNonSpecCompliantPointerOrigin: false, moz:webdriverClick: true, pageLoadStrategy: normal, platform: WINDOWS, platformName: WINDOWS, platformVersion: 10.0, proxy: Proxy(), setWindowRect: true, strictFileInteractability: false, timeouts: {implicit: 0, pageLoad: 300000, script: 30000}, unhandledPromptBehavior: dismiss and notify, webdriver.remote.sessionid: 077e1ced-7801-4bd2-b105-f8c...}
Element: [[RemoteWebDriver: firefox on WINDOWS (077e1ced-7801-4bd2-b105-f8ced6d6051c)] -&amp;gt; xpath: //span[contains(text(),&amp;apos;Got it&amp;apos;)]]
Session ID: 077e1ced-7801-4bd2-b105-f8ced6d6051c">
      <![CDATA[org.openqa.selenium.WebDriverException: Unable to find the session info for particular sessionId 077e1ced-7801-4bd2-b105-f8ced6d6051c, maybe session has quit already or timed out.
Build info: version: '4.0.0', revision: '3a21814679'
System info: host: 'DESKTOP-UJGO4L7', ip: '192.168.99.85', os.name: 'Windows 10', os.arch: 'amd64', os.version: '10.0', java.version: '1.8.0_231'
Driver info: org.openqa.selenium.remote.RemoteWebDriver
Command: [077e1ced-7801-4bd2-b105-f8ced6d6051c, clickElement {id=8cbaa2d7-1f80-4a15-81d1-ac510632ef66}]
Capabilities {acceptInsecureCerts: true, browserName: firefox, browserVersion: 95.0, javascriptEnabled: true, moz:accessibilityChecks: false, moz:buildID: 20211101163752, moz:geckodriverVersion: 0.30.0, moz:headless: false, moz:processID: 4636, moz:profile: C:\Users\ltuser\AppData\Loc..., moz:shutdownTimeout: 60000, moz:useNonSpecCompliantPointerOrigin: false, moz:webdriverClick: true, pageLoadStrategy: normal, platform: WINDOWS, platformName: WINDOWS, platformVersion: 10.0, proxy: Proxy(), setWindowRect: true, strictFileInteractability: false, timeouts: {implicit: 0, pageLoad: 300000, script: 30000}, unhandledPromptBehavior: dismiss and notify, webdriver.remote.sessionid: 077e1ced-7801-4bd2-b105-f8c...}
Element: [[RemoteWebDriver: firefox on WINDOWS (077e1ced-7801-4bd2-b105-f8ced6d6051c)] -> xpath: //span[contains(text(),'Got it')]]
Session ID: 077e1ced-7801-4bd2-b105-f8ced6d6051c
at org.openqa.selenium.remote.codec.w3c.W3CHttpResponseCodec.createException(W3CHttpResponseCodec.java:200)
at org.openqa.selenium.remote.codec.w3c.W3CHttpResponseCodec.decode(W3CHttpResponseCodec.java:133)
at org.openqa.selenium.remote.codec.w3c.W3CHttpResponseCodec.decode(W3CHttpResponseCodec.java:53)
at org.openqa.selenium.remote.HttpCommandExecutor.execute(HttpCommandExecutor.java:184)
at org.openqa.selenium.remote.TracedCommandExecutor.execute(TracedCommandExecutor.java:39)
at org.openqa.selenium.remote.RemoteWebDriver.execute(RemoteWebDriver.java:559)
at org.openqa.selenium.remote.RemoteWebElement.execute(RemoteWebElement.java:251)
at org.openqa.selenium.remote.RemoteWebElement.click(RemoteWebElement.java:77)
at org.openqa.selenium.support.pagefactory.internal.LocatingElementHandler.invoke(LocatingElementHandler.java:52)
at com.sun.proxy.$Proxy14.click(Unknown Source)
at Pages.LoginPage.acceptCookies(LoginPage.java:34)
at Test.LoginPageTest.ValidatingLoginCredentials(LoginPageTest.java:15)
at java.util.ArrayList.forEach(ArrayList.java:1257)
at java.util.concurrent.FutureTask.run(FutureTask.java:266)
at java.util.concurrent.ThreadPoolExecutor.runWorker(ThreadPoolExecutor.java:1149)
at java.util.concurrent.ThreadPoolExecutor$Worker.run(ThreadPoolExecutor.java:624)
at java.lang.Thread.run(Thread.java:748)
... Removed 26 stack frames]]>
    </failure>
  </testcase> <!-- ValidatingLoginCredentials -->
  <testcase name="testing" time="38.035" classname="Test.FormPageTest">
    <failure type="org.openqa.selenium.NoSuchElementException" message="Unable to locate element: //img[@title=&amp;apos;Jenkins&amp;apos;]
For documentation on this error, please visit: https://selenium.dev/exceptions/#no_such_element
Build info: version: &amp;apos;4.0.0&amp;apos;, revision: &amp;apos;3a21814679&amp;apos;
System info: host: &amp;apos;DESKTOP-UJGO4L7&amp;apos;, ip: &amp;apos;192.168.99.85&amp;apos;, os.name: &amp;apos;Windows 10&amp;apos;, os.arch: &amp;apos;amd64&amp;apos;, os.version: &amp;apos;10.0&amp;apos;, java.version: &amp;apos;1.8.0_231&amp;apos;
Driver info: org.openqa.selenium.remote.RemoteWebDriver
Command: [1070414f-dbe2-4185-b7f6-ae1294e96563, findElement {using=xpath, value=//img[@title=&amp;apos;Jenkins&amp;apos;]}]
Capabilities {acceptInsecureCerts: true, browserName: firefox, browserVersion: 95.0, javascriptEnabled: true, moz:accessibilityChecks: false, moz:buildID: 20211101163752, moz:geckodriverVersion: 0.30.0, moz:headless: false, moz:processID: 5580, moz:profile: C:\Users\ltuser\AppData\Loc..., moz:shutdownTimeout: 60000, moz:useNonSpecCompliantPointerOrigin: false, moz:webdriverClick: true, pageLoadStrategy: normal, platform: WINDOWS, platformName: WINDOWS, platformVersion: 10.0, proxy: Proxy(), setWindowRect: true, strictFileInteractability: false, timeouts: {implicit: 0, pageLoad: 300000, script: 30000}, unhandledPromptBehavior: dismiss and notify, webdriver.remote.sessionid: 1070414f-dbe2-4185-b7f6-ae1...}
Session ID: 1070414f-dbe2-4185-b7f6-ae1294e96563">
      <![CDATA[org.openqa.selenium.NoSuchElementException: Unable to locate element: //img[@title='Jenkins']
For documentation on this error, please visit: https://selenium.dev/exceptions/#no_such_element
Build info: version: '4.0.0', revision: '3a21814679'
System info: host: 'DESKTOP-UJGO4L7', ip: '192.168.99.85', os.name: 'Windows 10', os.arch: 'amd64', os.version: '10.0', java.version: '1.8.0_231'
Driver info: org.openqa.selenium.remote.RemoteWebDriver
Command: [1070414f-dbe2-4185-b7f6-ae1294e96563, findElement {using=xpath, value=//img[@title='Jenkins']}]
Capabilities {acceptInsecureCerts: true, browserName: firefox, browserVersion: 95.0, javascriptEnabled: true, moz:accessibilityChecks: false, moz:buildID: 20211101163752, moz:geckodriverVersion: 0.30.0, moz:headless: false, moz:processID: 5580, moz:profile: C:\Users\ltuser\AppData\Loc..., moz:shutdownTimeout: 60000, moz:useNonSpecCompliantPointerOrigin: false, moz:webdriverClick: true, pageLoadStrategy: normal, platform: WINDOWS, platformName: WINDOWS, platformVersion: 10.0, proxy: Proxy(), setWindowRect: true, strictFileInteractability: false, timeouts: {implicit: 0, pageLoad: 300000, script: 30000}, unhandledPromptBehavior: dismiss and notify, webdriver.remote.sessionid: 1070414f-dbe2-4185-b7f6-ae1...}
Session ID: 1070414f-dbe2-4185-b7f6-ae1294e96563
at org.openqa.selenium.remote.codec.w3c.W3CHttpResponseCodec.createException(W3CHttpResponseCodec.java:200)
at org.openqa.selenium.remote.codec.w3c.W3CHttpResponseCodec.decode(W3CHttpResponseCodec.java:133)
at org.openqa.selenium.remote.codec.w3c.W3CHttpResponseCodec.decode(W3CHttpResponseCodec.java:53)
at org.openqa.selenium.remote.HttpCommandExecutor.execute(HttpCommandExecutor.java:184)
at org.openqa.selenium.remote.TracedCommandExecutor.execute(TracedCommandExecutor.java:39)
at org.openqa.selenium.remote.RemoteWebDriver.execute(RemoteWebDriver.java:559)
at org.openqa.selenium.remote.ElementLocation$ElementFinder$2.findElement(ElementLocation.java:162)
at org.openqa.selenium.remote.ElementLocation.findElement(ElementLocation.java:60)
at org.openqa.selenium.remote.RemoteWebDriver.findElement(RemoteWebDriver.java:383)
at org.openqa.selenium.remote.RemoteWebDriver.findElement(RemoteWebDriver.java:375)
at org.openqa.selenium.support.pagefactory.DefaultElementLocator.findElement(DefaultElementLocator.java:70)
at org.openqa.selenium.support.pagefactory.internal.LocatingElementHandler.invoke(LocatingElementHandler.java:39)
at com.sun.proxy.$Proxy14.getWrappedElement(Unknown Source)
at org.openqa.selenium.remote.internal.WebElementToJsonConverter.apply(WebElementToJsonConverter.java:51)
at java.util.stream.ReferencePipeline$3$1.accept(ReferencePipeline.java:193)
at java.util.Spliterators$ArraySpliterator.forEachRemaining(Spliterators.java:948)
at java.util.stream.AbstractPipeline.copyInto(AbstractPipeline.java:482)
at java.util.stream.AbstractPipeline.wrapAndCopyInto(AbstractPipeline.java:472)
at java.util.stream.ReduceOps$ReduceOp.evaluateSequential(ReduceOps.java:708)
at java.util.stream.AbstractPipeline.evaluate(AbstractPipeline.java:234)
at java.util.stream.ReferencePipeline.collect(ReferencePipeline.java:499)
at org.openqa.selenium.remote.RemoteWebDriver.executeScript(RemoteWebDriver.java:490)
at Pages.FormPage.downloadImage(FormPage.java:131)
at Test.FormPageTest.testing(FormPageTest.java:62)
at java.util.ArrayList.forEach(ArrayList.java:1257)
at java.util.concurrent.FutureTask.run(FutureTask.java:266)
at java.util.concurrent.ThreadPoolExecutor.runWorker(ThreadPoolExecutor.java:1149)
at java.util.concurrent.ThreadPoolExecutor$Worker.run(ThreadPoolExecutor.java:624)
at java.lang.Thread.run(Thread.java:748)
... Removed 22 stack frames]]>
    </failure>
  </testcase> <!-- testing -->
</testsuite> <!-- TestOnFirefox -->
