<?xml version="1.0" encoding="UTF-8"?>
<!-- Generated by org.testng.reporters.JUnitXMLReporter -->
<testsuite hostname="DESKTOP-UJGO4L7" ignored="0" name="Test" tests="2" failures="0" timestamp="2021-12-20T19:33:14 IST" time="7.621" errors="0">
  <testcase name="@BeforeMethod LaunchBrowser" time="4.126" classname="Base.BaseTest">
    <failure type="java.lang.NullPointerException">
      <![CDATA[java.lang.NullPointerException
at Base.BaseTest.LaunchBrowser(BaseTest.java:48)
at java.util.ArrayList.forEach(ArrayList.java:1257)
... Removed 31 stack frames]]>
    </failure>
  </testcase> <!-- @BeforeMethod LaunchBrowser -->
  <testcase name="@AfterMethod QuitBrowser" time="-1.640008991437E9" classname="Base.BaseTest">
    <skipped/>
  </testcase> <!-- @AfterMethod QuitBrowser -->
  <testcase name="@BeforeMethod LaunchBrowser" time="3.43" classname="Base.BaseTest">
    <failure type="java.lang.NullPointerException">
      <![CDATA[java.lang.NullPointerException
at Base.BaseTest.LaunchBrowser(BaseTest.java:48)
at java.util.ArrayList.forEach(ArrayList.java:1257)
... Removed 31 stack frames]]>
    </failure>
  </testcase> <!-- @BeforeMethod LaunchBrowser -->
  <testcase name="@AfterMethod QuitBrowser" time="-1.640008994885E9" classname="Base.BaseTest">
    <skipped/>
  </testcase> <!-- @AfterMethod QuitBrowser -->
  <testcase name="ValidatingLoginCredentials" time="0.0" classname="Test.LoginPageTest">
    <skipped/>
  </testcase> <!-- ValidatingLoginCredentials -->
  <testcase name="testing" time="0.0" classname="Test.FormPageTest">
    <skipped/>
  </testcase> <!-- testing -->
</testsuite> <!-- Test -->
