<?xml version="1.0" encoding="UTF-8"?>
<testsuite xmlns:xsi="http://www.w3.org/2001/XMLSchema-instance" xsi:noNamespaceSchemaLocation="https://maven.apache.org/surefire/maven-surefire-plugin/xsd/surefire-test-report.xsd" name="TestSuite" time="9.163" tests="18" errors="0" skipped="12" failures="6">
  <properties>
[...]
</properties>
  <testcase name="LaunchBrowser" classname="Test.LoginPageTest" time="6.464">
    <failure message="Could not start a new session. Response code 400. Message: Looks like browser capability is missing, please refer to capability generator https://www.lambdatest.com/capabilities-generator or contact support&#10;Build info: version: &apos;4.0.0&apos;, revision: &apos;3a21814679&apos;&#10;System info: host: &apos;DESKTOP-UJGO4L7&apos;, ip: &apos;192.168.99.85&apos;, os.name: &apos;Windows 10&apos;, os.arch: &apos;amd64&apos;, os.version: &apos;10.0&apos;, java.version: &apos;1.8.0_231&apos;&#10;Driver info: org.openqa.selenium.remote.RemoteWebDriver&#10;Command: [null, newSession {capabilities=[Capabilities {platformName: win10}], desiredCapabilities=Capabilities {BrowserName: Chrome, build: First Test, console: true, name: Sample Test, network: true, platform: WIN10, resolution: 1024x768, version: 92.0, video: true, visual: true}}]&#10;Capabilities {}" type="org.openqa.selenium.SessionNotCreatedException">org.openqa.selenium.SessionNotCreatedException: 
Could not start a new session. Response code 400. Message: Looks like browser capability is missing, please refer to capability generator https://www.lambdatest.com/capabilities-generator or contact support
Build info: version: '4.0.0', revision: '3a21814679'
System info: host: 'DESKTOP-UJGO4L7', ip: '192.168.99.85', os.name: 'Windows 10', os.arch: 'amd64', os.version: '10.0', java.version: '1.8.0_231'
Driver info: org.openqa.selenium.remote.RemoteWebDriver
Command: [null, newSession {capabilities=[Capabilities {platformName: win10}], desiredCapabilities=Capabilities {BrowserName: Chrome, build: First Test, console: true, name: Sample Test, network: true, platform: WIN10, resolution: 1024x768, version: 92.0, video: true, visual: true}}]
Capabilities {}
</failure>
    <system-err><![CDATA[Dec 20, 2021 9:09:51 PM org.openqa.selenium.remote.tracing.opentelemetry.OpenTelemetryTracer createTracer
INFO: Using OpenTelemetry for tracing
SLF4J: Failed to load class "org.slf4j.impl.StaticLoggerBinder".
SLF4J: Defaulting to no-operation (NOP) logger implementation
SLF4J: See http://www.slf4j.org/codes.html#StaticLoggerBinder for further details.
]]></system-err>
  </testcase>
  <testcase name="LaunchBrowser" classname="Test.LoginPageTest" time="0.566">
    <failure message="Could not start a new session. Response code 400. Message: Looks like browser capability is missing, please refer to capability generator https://www.lambdatest.com/capabilities-generator or contact support&#10;Build info: version: &apos;4.0.0&apos;, revision: &apos;3a21814679&apos;&#10;System info: host: &apos;DESKTOP-UJGO4L7&apos;, ip: &apos;192.168.99.85&apos;, os.name: &apos;Windows 10&apos;, os.arch: &apos;amd64&apos;, os.version: &apos;10.0&apos;, java.version: &apos;1.8.0_231&apos;&#10;Driver info: org.openqa.selenium.remote.RemoteWebDriver&#10;Command: [null, newSession {capabilities=[Capabilities {platformName: win10}], desiredCapabilities=Capabilities {BrowserName: Chrome, build: First Test, console: true, name: Sample Test, network: true, platform: WIN10, resolution: 1024x768, version: 92.0, video: true, visual: true}}]&#10;Capabilities {}" type="org.openqa.selenium.SessionNotCreatedException">org.openqa.selenium.SessionNotCreatedException: 
Could not start a new session. Response code 400. Message: Looks like browser capability is missing, please refer to capability generator https://www.lambdatest.com/capabilities-generator or contact support
Build info: version: '4.0.0', revision: '3a21814679'
System info: host: 'DESKTOP-UJGO4L7', ip: '192.168.99.85', os.name: 'Windows 10', os.arch: 'amd64', os.version: '10.0', java.version: '1.8.0_231'
Driver info: org.openqa.selenium.remote.RemoteWebDriver
Command: [null, newSession {capabilities=[Capabilities {platformName: win10}], desiredCapabilities=Capabilities {BrowserName: Chrome, build: First Test, console: true, name: Sample Test, network: true, platform: WIN10, resolution: 1024x768, version: 92.0, video: true, visual: true}}]
Capabilities {}
</failure>
  </testcase>
  <testcase name="LaunchBrowser" classname="Test.LoginPageTest" time="0.456">
    <failure message="Could not start a new session. Response code 400. Message: Looks like browser capability is missing, please refer to capability generator https://www.lambdatest.com/capabilities-generator or contact support&#10;Build info: version: &apos;4.0.0&apos;, revision: &apos;3a21814679&apos;&#10;System info: host: &apos;DESKTOP-UJGO4L7&apos;, ip: &apos;192.168.99.85&apos;, os.name: &apos;Windows 10&apos;, os.arch: &apos;amd64&apos;, os.version: &apos;10.0&apos;, java.version: &apos;1.8.0_231&apos;&#10;Driver info: org.openqa.selenium.remote.RemoteWebDriver&#10;Command: [null, newSession {capabilities=[Capabilities {platformName: win10}], desiredCapabilities=Capabilities {BrowserName: Chrome, build: First Test, console: true, name: Sample Test, network: true, platform: WIN10, resolution: 1024x768, version: 92.0, video: true, visual: true}}]&#10;Capabilities {}" type="org.openqa.selenium.SessionNotCreatedException">org.openqa.selenium.SessionNotCreatedException: 
Could not start a new session. Response code 400. Message: Looks like browser capability is missing, please refer to capability generator https://www.lambdatest.com/capabilities-generator or contact support
Build info: version: '4.0.0', revision: '3a21814679'
System info: host: 'DESKTOP-UJGO4L7', ip: '192.168.99.85', os.name: 'Windows 10', os.arch: 'amd64', os.version: '10.0', java.version: '1.8.0_231'
Driver info: org.openqa.selenium.remote.RemoteWebDriver
Command: [null, newSession {capabilities=[Capabilities {platformName: win10}], desiredCapabilities=Capabilities {BrowserName: Chrome, build: First Test, console: true, name: Sample Test, network: true, platform: WIN10, resolution: 1024x768, version: 92.0, video: true, visual: true}}]
Capabilities {}
</failure>
  </testcase>
  <testcase name="ValidatingLoginCredentials" classname="Test.LoginPageTest" time="0">
    <skipped message="Could not start a new session. Response code 400. Message: Looks like browser capability is missing, please refer to capability generator https://www.lambdatest.com/capabilities-generator or contact support&#10;Build info: version: &apos;4.0.0&apos;, revision: &apos;3a21814679&apos;&#10;System info: host: &apos;DESKTOP-UJGO4L7&apos;, ip: &apos;192.168.99.85&apos;, os.name: &apos;Windows 10&apos;, os.arch: &apos;amd64&apos;, os.version: &apos;10.0&apos;, java.version: &apos;1.8.0_231&apos;&#10;Driver info: org.openqa.selenium.remote.RemoteWebDriver&#10;Command: [null, newSession {capabilities=[Capabilities {platformName: win10}], desiredCapabilities=Capabilities {BrowserName: Chrome, build: First Test, console: true, name: Sample Test, network: true, platform: WIN10, resolution: 1024x768, version: 92.0, video: true, visual: true}}]&#10;Capabilities {}"/>
  </testcase>
  <testcase name="ValidatingLoginCredentials" classname="Test.LoginPageTest" time="0">
    <skipped message="Could not start a new session. Response code 400. Message: Looks like browser capability is missing, please refer to capability generator https://www.lambdatest.com/capabilities-generator or contact support&#10;Build info: version: &apos;4.0.0&apos;, revision: &apos;3a21814679&apos;&#10;System info: host: &apos;DESKTOP-UJGO4L7&apos;, ip: &apos;192.168.99.85&apos;, os.name: &apos;Windows 10&apos;, os.arch: &apos;amd64&apos;, os.version: &apos;10.0&apos;, java.version: &apos;1.8.0_231&apos;&#10;Driver info: org.openqa.selenium.remote.RemoteWebDriver&#10;Command: [null, newSession {capabilities=[Capabilities {platformName: win10}], desiredCapabilities=Capabilities {BrowserName: Chrome, build: First Test, console: true, name: Sample Test, network: true, platform: WIN10, resolution: 1024x768, version: 92.0, video: true, visual: true}}]&#10;Capabilities {}"/>
  </testcase>
  <testcase name="ValidatingLoginCredentials" classname="Test.LoginPageTest" time="0">
    <skipped message="Could not start a new session. Response code 400. Message: Looks like browser capability is missing, please refer to capability generator https://www.lambdatest.com/capabilities-generator or contact support&#10;Build info: version: &apos;4.0.0&apos;, revision: &apos;3a21814679&apos;&#10;System info: host: &apos;DESKTOP-UJGO4L7&apos;, ip: &apos;192.168.99.85&apos;, os.name: &apos;Windows 10&apos;, os.arch: &apos;amd64&apos;, os.version: &apos;10.0&apos;, java.version: &apos;1.8.0_231&apos;&#10;Driver info: org.openqa.selenium.remote.RemoteWebDriver&#10;Command: [null, newSession {capabilities=[Capabilities {platformName: win10}], desiredCapabilities=Capabilities {BrowserName: Chrome, build: First Test, console: true, name: Sample Test, network: true, platform: WIN10, resolution: 1024x768, version: 92.0, video: true, visual: true}}]&#10;Capabilities {}"/>
  </testcase>
  <testcase name="QuitBrowser" classname="Test.LoginPageTest" time="0">
    <skipped/>
  </testcase>
  <testcase name="QuitBrowser" classname="Test.LoginPageTest" time="0">
    <skipped/>
  </testcase>
  <testcase name="QuitBrowser" classname="Test.LoginPageTest" time="0">
    <skipped/>
  </testcase>
  <testcase name="LaunchBrowser" classname="Test.FormPageTest" time="0.543">
    <failure message="Could not start a new session. Response code 400. Message: Looks like browser capability is missing, please refer to capability generator https://www.lambdatest.com/capabilities-generator or contact support&#10;Build info: version: &apos;4.0.0&apos;, revision: &apos;3a21814679&apos;&#10;System info: host: &apos;DESKTOP-UJGO4L7&apos;, ip: &apos;192.168.99.85&apos;, os.name: &apos;Windows 10&apos;, os.arch: &apos;amd64&apos;, os.version: &apos;10.0&apos;, java.version: &apos;1.8.0_231&apos;&#10;Driver info: org.openqa.selenium.remote.RemoteWebDriver&#10;Command: [null, newSession {capabilities=[Capabilities {platformName: win10}], desiredCapabilities=Capabilities {BrowserName: Chrome, build: First Test, console: true, name: Sample Test, network: true, platform: WIN10, resolution: 1024x768, version: 92.0, video: true, visual: true}}]&#10;Capabilities {}" type="org.openqa.selenium.SessionNotCreatedException">org.openqa.selenium.SessionNotCreatedException: 
Could not start a new session. Response code 400. Message: Looks like browser capability is missing, please refer to capability generator https://www.lambdatest.com/capabilities-generator or contact support
Build info: version: '4.0.0', revision: '3a21814679'
System info: host: 'DESKTOP-UJGO4L7', ip: '192.168.99.85', os.name: 'Windows 10', os.arch: 'amd64', os.version: '10.0', java.version: '1.8.0_231'
Driver info: org.openqa.selenium.remote.RemoteWebDriver
Command: [null, newSession {capabilities=[Capabilities {platformName: win10}], desiredCapabilities=Capabilities {BrowserName: Chrome, build: First Test, console: true, name: Sample Test, network: true, platform: WIN10, resolution: 1024x768, version: 92.0, video: true, visual: true}}]
Capabilities {}
</failure>
  </testcase>
  <testcase name="LaunchBrowser" classname="Test.FormPageTest" time="0.384">
    <failure message="Could not start a new session. Response code 400. Message: Looks like browser capability is missing, please refer to capability generator https://www.lambdatest.com/capabilities-generator or contact support&#10;Build info: version: &apos;4.0.0&apos;, revision: &apos;3a21814679&apos;&#10;System info: host: &apos;DESKTOP-UJGO4L7&apos;, ip: &apos;192.168.99.85&apos;, os.name: &apos;Windows 10&apos;, os.arch: &apos;amd64&apos;, os.version: &apos;10.0&apos;, java.version: &apos;1.8.0_231&apos;&#10;Driver info: org.openqa.selenium.remote.RemoteWebDriver&#10;Command: [null, newSession {capabilities=[Capabilities {platformName: win10}], desiredCapabilities=Capabilities {BrowserName: Chrome, build: First Test, console: true, name: Sample Test, network: true, platform: WIN10, resolution: 1024x768, version: 92.0, video: true, visual: true}}]&#10;Capabilities {}" type="org.openqa.selenium.SessionNotCreatedException">org.openqa.selenium.SessionNotCreatedException: 
Could not start a new session. Response code 400. Message: Looks like browser capability is missing, please refer to capability generator https://www.lambdatest.com/capabilities-generator or contact support
Build info: version: '4.0.0', revision: '3a21814679'
System info: host: 'DESKTOP-UJGO4L7', ip: '192.168.99.85', os.name: 'Windows 10', os.arch: 'amd64', os.version: '10.0', java.version: '1.8.0_231'
Driver info: org.openqa.selenium.remote.RemoteWebDriver
Command: [null, newSession {capabilities=[Capabilities {platformName: win10}], desiredCapabilities=Capabilities {BrowserName: Chrome, build: First Test, console: true, name: Sample Test, network: true, platform: WIN10, resolution: 1024x768, version: 92.0, video: true, visual: true}}]
Capabilities {}
</failure>
  </testcase>
  <testcase name="LaunchBrowser" classname="Test.FormPageTest" time="0.597">
    <failure message="Could not start a new session. Response code 400. Message: Looks like browser capability is missing, please refer to capability generator https://www.lambdatest.com/capabilities-generator or contact support&#10;Build info: version: &apos;4.0.0&apos;, revision: &apos;3a21814679&apos;&#10;System info: host: &apos;DESKTOP-UJGO4L7&apos;, ip: &apos;192.168.99.85&apos;, os.name: &apos;Windows 10&apos;, os.arch: &apos;amd64&apos;, os.version: &apos;10.0&apos;, java.version: &apos;1.8.0_231&apos;&#10;Driver info: org.openqa.selenium.remote.RemoteWebDriver&#10;Command: [null, newSession {capabilities=[Capabilities {platformName: win10}], desiredCapabilities=Capabilities {BrowserName: Chrome, build: First Test, console: true, name: Sample Test, network: true, platform: WIN10, resolution: 1024x768, version: 92.0, video: true, visual: true}}]&#10;Capabilities {}" type="org.openqa.selenium.SessionNotCreatedException">org.openqa.selenium.SessionNotCreatedException: 
Could not start a new session. Response code 400. Message: Looks like browser capability is missing, please refer to capability generator https://www.lambdatest.com/capabilities-generator or contact support
Build info: version: '4.0.0', revision: '3a21814679'
System info: host: 'DESKTOP-UJGO4L7', ip: '192.168.99.85', os.name: 'Windows 10', os.arch: 'amd64', os.version: '10.0', java.version: '1.8.0_231'
Driver info: org.openqa.selenium.remote.RemoteWebDriver
Command: [null, newSession {capabilities=[Capabilities {platformName: win10}], desiredCapabilities=Capabilities {BrowserName: Chrome, build: First Test, console: true, name: Sample Test, network: true, platform: WIN10, resolution: 1024x768, version: 92.0, video: true, visual: true}}]
Capabilities {}
</failure>
  </testcase>
  <testcase name="testing" classname="Test.FormPageTest" time="0">
    <skipped message="Could not start a new session. Response code 400. Message: Looks like browser capability is missing, please refer to capability generator https://www.lambdatest.com/capabilities-generator or contact support&#10;Build info: version: &apos;4.0.0&apos;, revision: &apos;3a21814679&apos;&#10;System info: host: &apos;DESKTOP-UJGO4L7&apos;, ip: &apos;192.168.99.85&apos;, os.name: &apos;Windows 10&apos;, os.arch: &apos;amd64&apos;, os.version: &apos;10.0&apos;, java.version: &apos;1.8.0_231&apos;&#10;Driver info: org.openqa.selenium.remote.RemoteWebDriver&#10;Command: [null, newSession {capabilities=[Capabilities {platformName: win10}], desiredCapabilities=Capabilities {BrowserName: Chrome, build: First Test, console: true, name: Sample Test, network: true, platform: WIN10, resolution: 1024x768, version: 92.0, video: true, visual: true}}]&#10;Capabilities {}"/>
  </testcase>
  <testcase name="testing" classname="Test.FormPageTest" time="0">
    <skipped message="Could not start a new session. Response code 400. Message: Looks like browser capability is missing, please refer to capability generator https://www.lambdatest.com/capabilities-generator or contact support&#10;Build info: version: &apos;4.0.0&apos;, revision: &apos;3a21814679&apos;&#10;System info: host: &apos;DESKTOP-UJGO4L7&apos;, ip: &apos;192.168.99.85&apos;, os.name: &apos;Windows 10&apos;, os.arch: &apos;amd64&apos;, os.version: &apos;10.0&apos;, java.version: &apos;1.8.0_231&apos;&#10;Driver info: org.openqa.selenium.remote.RemoteWebDriver&#10;Command: [null, newSession {capabilities=[Capabilities {platformName: win10}], desiredCapabilities=Capabilities {BrowserName: Chrome, build: First Test, console: true, name: Sample Test, network: true, platform: WIN10, resolution: 1024x768, version: 92.0, video: true, visual: true}}]&#10;Capabilities {}"/>
  </testcase>
  <testcase name="testing" classname="Test.FormPageTest" time="0">
    <skipped message="Could not start a new session. Response code 400. Message: Looks like browser capability is missing, please refer to capability generator https://www.lambdatest.com/capabilities-generator or contact support&#10;Build info: version: &apos;4.0.0&apos;, revision: &apos;3a21814679&apos;&#10;System info: host: &apos;DESKTOP-UJGO4L7&apos;, ip: &apos;192.168.99.85&apos;, os.name: &apos;Windows 10&apos;, os.arch: &apos;amd64&apos;, os.version: &apos;10.0&apos;, java.version: &apos;1.8.0_231&apos;&#10;Driver info: org.openqa.selenium.remote.RemoteWebDriver&#10;Command: [null, newSession {capabilities=[Capabilities {platformName: win10}], desiredCapabilities=Capabilities {BrowserName: Chrome, build: First Test, console: true, name: Sample Test, network: true, platform: WIN10, resolution: 1024x768, version: 92.0, video: true, visual: true}}]&#10;Capabilities {}"/>
  </testcase>
  <testcase name="QuitBrowser" classname="Test.FormPageTest" time="0">
    <skipped/>
  </testcase>
  <testcase name="QuitBrowser" classname="Test.FormPageTest" time="0">
    <skipped/>
  </testcase>
  <testcase name="QuitBrowser" classname="Test.FormPageTest" time="0">
    <skipped/>
  </testcase>
</testsuite>